\BOOKMARK [0][-]{chapter.0}{\376\377\213\376\172\013\211\201\154\102}{}% 1
\BOOKMARK [0][-]{chapter.1}{\376\377\226\306\124\010\213\272}{}% 2
\BOOKMARK [1][-]{section.1.1}{\376\377\226\306\124\010\122\027\166\204\116\012\116\013\147\201\226\120}{chapter.1}% 3
\BOOKMARK [2][-]{subsection.1.1.1}{\376\377\226\306\124\010\145\317\166\204\116\012\116\013\170\156\165\114}{section.1.1}% 4
\BOOKMARK [2][-]{subsection.1.1.2}{\376\377\226\306\124\010\122\027\166\204\116\012\116\013\147\201\226\120}{section.1.1}% 5
\BOOKMARK [1][-]{section.1.2}{\376\377\000D\000e\000s\000c\000a\000r\000t\000e\000s\000\040\171\357\166\204\143\250\136\177}{chapter.1}% 6
\BOOKMARK [1][-]{section.1.3}{\376\377\136\217\121\163\174\373}{chapter.1}% 7
\BOOKMARK [2][-]{subsection.1.3.1}{\376\377\120\117\136\217\377\014\121\150\136\217\377\014\230\204\136\217}{section.1.3}% 8
\BOOKMARK [2][-]{subsection.1.3.2}{\376\377\147\201\131\047\121\103\000/\147\201\134\017\121\103\377\014\116\012\165\114\000/\116\013\165\114\377\014\202\157\136\217}{section.1.3}% 9
\BOOKMARK [2][-]{subsection.1.3.3}{\376\377\117\335\136\217\124\014\147\204\377\014\136\217\127\213}{section.1.3}% 10
\BOOKMARK [1][-]{section.1.4}{\376\377\000H\000a\000u\000s\000d\000o\000r\000f\000f\000\040\147\201\131\047\123\237\164\006\377\014\000Z\000o\000r\000n\000\040\137\025\164\006}{chapter.1}% 11
\BOOKMARK [1][-]{section.1.5}{\376\377\202\157\136\217\123\237\164\006\377\014\220\011\142\351\121\154\164\006}{chapter.1}% 12
\BOOKMARK [2][-]{subsection.1.5.1}{\376\377\202\157\136\217\123\237\164\006}{section.1.5}% 13
\BOOKMARK [2][-]{subsection.1.5.2}{\376\377\220\011\142\351\121\154\164\006}{section.1.5}% 14
\BOOKMARK [1][-]{section.1.6}{\376\377\226\306\124\010\166\204\122\277\000C\000a\000r\000d\000i\000n\000a\000l\000i\000t\000y}{chapter.1}% 15
\BOOKMARK [1][-]{section.1.7}{\376\377\136\102\226\306\166\204\122\277\377\014\123\357\145\160}{chapter.1}% 16
\BOOKMARK [2][-]{subsection.1.7.1}{\376\377\136\102\226\306\166\204\122\277}{section.1.7}% 17
\BOOKMARK [2][-]{subsection.1.7.2}{\376\377\123\357\145\160}{section.1.7}% 18
\BOOKMARK [1][-]{section.1.8}{\376\377\123\357\145\160\226\306\166\204\136\102\226\306\377\014\217\336\176\355\176\337}{chapter.1}% 19
\BOOKMARK [1][-]{section.1.9}{\376\377\164\006\140\363\133\236\145\160\174\373\123\312\116\012\227\142\166\204\154\102\124\214}{chapter.1}% 20
\BOOKMARK [2][-]{subsection.1.9.1}{\376\377\133\236\145\160\174\373\166\204\143\250\136\177}{section.1.9}% 21
\BOOKMARK [2][-]{subsection.1.9.2}{\376\377\000R\0000\000\040\116\055\166\204\124\214}{section.1.9}% 22
