\BOOKMARK [0][-]{chapter.1}{\376\377\000M\000e\000a\000s\000u\000r\000e\000\040\000\040\000T\000h\000e\000o\000r\000y}{}% 1
\BOOKMARK [1][-]{section.1.1}{\376\377\000P\000r\000e\000l\000i\000m\000i\000n\000a\000r\000i\000e\000s}{chapter.1}% 2
\BOOKMARK [1][-]{section.1.2}{\376\377\000T\000h\000e\000\040\000\040\000E\000x\000t\000e\000r\000i\000o\000r\000\040\000\040\000M\000e\000a\000s\000u\000r\000e}{chapter.1}% 3
\BOOKMARK [1][-]{section.1.3}{\376\377\000M\000e\000a\000s\000u\000r\000a\000b\000l\000e\000\040\000\040\000s\000e\000t\000s\000\040\000\040\000a\000n\000d\000\040\000\040\000t\000h\000e\000\040\000\040\000L\000e\000b\000e\000s\000g\000u\000e\000\040\000\040\000m\000e\000a\000s\000u\000r\000e}{chapter.1}% 4
\BOOKMARK [2][-]{subsection.1.3.1}{\376\377\000M\000e\000a\000s\000u\000r\000a\000b\000l\000e\000\040\000\040\000s\000e\000t\000s}{section.1.3}% 5
\BOOKMARK [2][-]{subsection.1.3.2}{\376\377\000L\000e\000b\000e\000s\000g\000u\000e\000\040\000\040\000m\000e\000a\000s\000u\000r\000e}{section.1.3}% 6
\BOOKMARK [1][-]{section.1.4}{\376\377\000-\000a\000l\000g\000e\000b\000r\000a\000s\000\040\000\040\000a\000n\000d\000\040\000\040\000B\000o\000r\000e\000l\000\040\000\040\000s\000e\000t\000s}{chapter.1}% 7
\BOOKMARK [2][-]{subsection.1.4.1}{\376\377\000-\000a\000l\000g\000e\000b\000r\000a}{section.1.4}% 8
\BOOKMARK [2][-]{subsection.1.4.2}{\376\377\000B\000o\000r\000e\000l\000\040\000\040\000s\000e\000t\000s}{section.1.4}% 9
\BOOKMARK [1][-]{section.1.5}{\376\377\000N\000o\000n\000-\000m\000e\000a\000s\000u\000r\000a\000b\000l\000e\000\040\000\040\000s\000e\000t\000s}{chapter.1}% 10
\BOOKMARK [0][-]{chapter.2}{\376\377\000M\000e\000a\000s\000u\000r\000a\000b\000l\000e\000\040\000\040\000F\000u\000n\000c\000t\000i\000o\000n\000s}{}% 11
\BOOKMARK [1][-]{section.2.1}{\376\377\000M\000e\000a\000s\000u\000r\000a\000b\000l\000e\000\040\000\040\000F\000u\000n\000c\000t\000i\000o\000n\000s}{chapter.2}% 12
\BOOKMARK [1][-]{section.2.2}{\376\377\000M\000e\000a\000s\000u\000r\000a\000b\000l\000e\000\040\000\040\000f\000u\000n\000c\000t\000i\000o\000n\000s\000\040\000\040\000a\000r\000e\000\040\000\040\000n\000e\000a\000r\000l\000y\000\040\000\040\000s\000i\000m\000p\000l\000e}{chapter.2}% 13
\BOOKMARK [0][-]{chapter.3}{\376\377\000I\000n\000t\000e\000g\000r\000a\000t\000i\000o\000n\000\040\000\040\000T\000h\000e\000o\000r\000y}{}% 14
\BOOKMARK [1][-]{section.3.1}{\376\377\000T\000h\000e\000\040\000\040\000L\000e\000b\000e\000s\000g\000u\000e\000\040\000\040\000i\000n\000t\000e\000g\000r\000a\000l}{chapter.3}% 15
\BOOKMARK [2][-]{subsection.3.1.1}{\376\377\000S\000i\000m\000p\000l\000e\000\040\000\040\000f\000u\000n\000c\000t\000i\000o\000n\000s}{section.3.1}% 16
\BOOKMARK [2][-]{subsection.3.1.2}{\376\377\000N\000o\000n\000-\000n\000e\000g\000a\000t\000i\000v\000e\000\040\000\040\000m\000e\000a\000s\000u\000r\000a\000b\000l\000e\000\040\000\040\000f\000u\000n\000c\000t\000i\000o\000n\000s}{section.3.1}% 17
\BOOKMARK [2][-]{subsection.3.1.3}{\376\377\000G\000e\000n\000e\000r\000a\000l\000\040\000\040\000c\000a\000s\000e}{section.3.1}% 18
\BOOKMARK [2][-]{subsection.3.1.4}{\376\377\000T\000h\000e\000\040\000\040\000D\000o\000m\000i\000n\000a\000t\000e\000d\000\040\000\040\000C\000o\000n\000v\000e\000r\000g\000e\000n\000c\000e\000\040\000\040\000T\000h\000e\000o\000r\000e\000m}{section.3.1}% 19
\BOOKMARK [2][-]{subsection.3.1.5}{\376\377\000C\000o\000m\000p\000l\000e\000x\000-\000V\000a\000l\000u\000e\000d\000\040\000\040\000F\000u\000n\000c\000t\000i\000o\000n\000s}{section.3.1}% 20
\BOOKMARK [1][-]{section.3.2}{\376\377\000L\0001\000\040\172\172\225\364\166\204\133\214\131\007\140\047}{chapter.3}% 21
\BOOKMARK [2][-]{subsection.3.2.1}{\376\377\203\003\145\160\377\014\136\246\221\317}{section.3.2}% 22
\BOOKMARK [2][-]{subsection.3.2.2}{\376\377\000T\000h\000e\000\040\000\040\000S\000p\000a\000c\000e\000\040\000\040\000L\0001\000\050\000R\000d\000\051}{section.3.2}% 23
\BOOKMARK [2][-]{subsection.3.2.3}{\376\377\000L\0001\000\040\172\172\225\364\166\204\133\214\131\007\140\047}{section.3.2}% 24
\BOOKMARK [2][-]{subsection.3.2.4}{\376\377\000L\0001\000\040\166\204\172\040\133\306\133\120\172\172\225\364}{section.3.2}% 25
\BOOKMARK [1][-]{section.3.3}{\376\377\000L\000e\000b\000e\000s\000g\000u\000e\000\040\171\357\122\006\166\204\136\163\171\373\116\015\123\330\140\047}{chapter.3}% 26
\BOOKMARK [1][-]{section.3.4}{\376\377\000L\000e\000b\000e\000s\000g\000u\000e\000\040\123\357\171\357\121\375\145\160\166\204\000L\0001\000\040\217\336\176\355\140\047}{chapter.3}% 27
\BOOKMARK [1][-]{section.3.5}{\376\377\000F\000u\000b\000i\000n\000i\000\040\133\232\164\006}{chapter.3}% 28
\BOOKMARK [2][-]{subsection.3.5.1}{\376\377\000F\000u\000b\000i\000n\000i\000\040\133\232\164\006\166\204\213\301\146\016}{section.3.5}% 29
\BOOKMARK [2][-]{subsection.3.5.2}{\376\377\000F\000u\000b\000i\000n\000i\000\040\133\232\164\006\166\204\136\224\165\050}{section.3.5}% 30
